<?xml version="1.0" encoding="UTF-8"?>
<!-- Generated by org.testng.reporters.JUnitReportReporter -->
<testsuite skipped="0" hostname="eXecutioner-PC" name="tests.LoginPageTests" tests="2" failures="0" timestamp="04 Aug 2018 09:17:22 GMT" time="2.855" errors="0">
  <testcase name="checkURL" time="0.902" classname="tests.LoginPageTests"/>
  <testcase name="loginSuccessful" time="1.953" classname="tests.LoginPageTests"/>
</testsuite> <!-- tests.LoginPageTests -->
